<?xml version="1.0" encoding="UTF-8"?>
<!-- Generated by org.testng.reporters.JUnitXMLReporter -->
<testsuite hostname="DESKTOP-4PTNCRH" ignored="4" name="Qa AEM" tests="3" failures="0" timestamp="03 Apr 2020 10:39:27 GMT" time="491.752" errors="0">
  <testcase name="validateComponent" time="187.063" classname="cms.aem.sites.components.Featured_Content_TC"/>
  <testcase name="createTemplate" time="110.619" classname="cms.aem.sites.webplex.Home_Page_Template_TC"/>
  <testcase name="templateCreation" time="148.038" classname="cms.aem.sites.webplex.Show_Hub_Template_TC"/>
  <testcase name="@AfterSuite tearDown" time="0.0" classname="Utilities.BaseClass">
    <ignored/>
  </testcase> <!-- @AfterSuite tearDown -->
  <testcase name="@AfterSuite tearDown" time="0.0" classname="Utilities.BaseClass">
    <ignored/>
  </testcase> <!-- @AfterSuite tearDown -->
  <testcase name="@BeforeSuite setUp" time="0.0" classname="Utilities.BaseClass">
    <ignored/>
  </testcase> <!-- @BeforeSuite setUp -->
  <testcase name="@BeforeSuite setUp" time="0.0" classname="Utilities.BaseClass">
    <ignored/>
  </testcase> <!-- @BeforeSuite setUp -->
</testsuite> <!-- Qa AEM -->
