<?xml version="1.0" encoding="UTF-8"?>
<testng-results skipped="0" failed="0" total="1" passed="1">
  <reporter-output>
  </reporter-output>
  <suite name="Default suite" duration-ms="176688" started-at="2020-03-10T20:15:14Z" finished-at="2020-03-10T20:18:11Z">
    <groups>
    </groups>
    <test name="Default test" duration-ms="176688" started-at="2020-03-10T20:15:14Z" finished-at="2020-03-10T20:18:11Z">
      <class name="cms.aem.sites.webplex.Show_Hub_Template_TC">
        <test-method status="PASS" signature="init()[pri:0, instance:cms.aem.sites.webplex.Show_Hub_Template_TC@1629756]" name="init" is-config="true" duration-ms="17981" started-at="2020-03-11T01:45:14Z" finished-at="2020-03-11T01:45:32Z">
          <reporter-output>
          </reporter-output>
        </test-method> <!-- init -->
        <test-method status="PASS" signature="templateCreation()[pri:0, instance:cms.aem.sites.webplex.Show_Hub_Template_TC@1629756]" name="templateCreation" duration-ms="158649" started-at="2020-03-11T01:45:32Z" finished-at="2020-03-11T01:48:11Z">
          <reporter-output>
          </reporter-output>
        </test-method> <!-- templateCreation -->
      </class> <!-- cms.aem.sites.webplex.Show_Hub_Template_TC -->
    </test> <!-- Default test -->
  </suite> <!-- Default suite -->
</testng-results>
