<?xml version="1.0" encoding="UTF-8"?>
<testng-results skipped="1" failed="0" total="1" passed="0">
  <reporter-output>
  </reporter-output>
  <suite name="Default suite" duration-ms="848" started-at="2020-03-11T17:21:24Z" finished-at="2020-03-11T17:21:25Z">
    <groups>
    </groups>
    <test name="Default test" duration-ms="848" started-at="2020-03-11T17:21:24Z" finished-at="2020-03-11T17:21:25Z">
      <class name="cms.aem.sites.webplex.Show_Hub_Template_TC">
        <test-method status="FAIL" signature="init()[pri:0, instance:cms.aem.sites.webplex.Show_Hub_Template_TC@1629756]" name="init" is-config="true" duration-ms="0" started-at="2020-03-11T22:51:24Z" finished-at="2020-03-11T22:51:24Z">
          <exception class="java.lang.IllegalStateException">
            <message>
              <![CDATA[The driver executable does not exist: C:\Users\hp\Desktop\Clones\AEM-CMS\aem\UsershpDesktopClonesAEM-CMSaemdriversgeckodriver.exe]]>
            </message>
            <full-stacktrace>
              <![CDATA[java.lang.IllegalStateException: The driver executable does not exist: C:\Users\hp\Desktop\Clones\AEM-CMS\aem\UsershpDesktopClonesAEM-CMSaemdriversgeckodriver.exe
	at com.google.common.base.Preconditions.checkState(Preconditions.java:585)
	at org.openqa.selenium.remote.service.DriverService.checkExecutable(DriverService.java:146)
	at org.openqa.selenium.remote.service.DriverService.findExecutable(DriverService.java:141)
	at org.openqa.selenium.firefox.GeckoDriverService.access$100(GeckoDriverService.java:44)
	at org.openqa.selenium.firefox.GeckoDriverService$Builder.findDefaultExecutable(GeckoDriverService.java:167)
	at org.openqa.selenium.remote.service.DriverService$Builder.build(DriverService.java:355)
	at org.openqa.selenium.firefox.FirefoxDriver.toExecutor(FirefoxDriver.java:190)
	at org.openqa.selenium.firefox.FirefoxDriver.<init>(FirefoxDriver.java:147)
	at org.openqa.selenium.firefox.FirefoxDriver.<init>(FirefoxDriver.java:125)
	at Interactions.Show_Hub_Template.<init>(Show_Hub_Template.java:29)
	at cms.aem.sites.webplex.Show_Hub_Template_TC.init(Show_Hub_Template_TC.java:15)
	at sun.reflect.NativeMethodAccessorImpl.invoke0(Native Method)
	at sun.reflect.NativeMethodAccessorImpl.invoke(Unknown Source)
	at sun.reflect.DelegatingMethodAccessorImpl.invoke(Unknown Source)
	at java.lang.reflect.Method.invoke(Unknown Source)
	at org.testng.internal.MethodInvocationHelper.invokeMethod(MethodInvocationHelper.java:84)
	at org.testng.internal.Invoker.invokeConfigurationMethod(Invoker.java:564)
	at org.testng.internal.Invoker.invokeConfigurations(Invoker.java:213)
	at org.testng.internal.Invoker.invokeConfigurations(Invoker.java:138)
	at org.testng.TestRunner.beforeRun(TestRunner.java:641)
	at org.testng.TestRunner.run(TestRunner.java:609)
	at org.testng.SuiteRunner.runTest(SuiteRunner.java:334)
	at org.testng.SuiteRunner.runSequentially(SuiteRunner.java:329)
	at org.testng.SuiteRunner.privateRun(SuiteRunner.java:291)
	at org.testng.SuiteRunner.run(SuiteRunner.java:240)
	at org.testng.SuiteRunnerWorker.runSuite(SuiteRunnerWorker.java:52)
	at org.testng.SuiteRunnerWorker.run(SuiteRunnerWorker.java:86)
	at org.testng.TestNG.runSuitesSequentially(TestNG.java:1224)
	at org.testng.TestNG.runSuitesLocally(TestNG.java:1149)
	at org.testng.TestNG.run(TestNG.java:1057)
	at org.testng.remote.AbstractRemoteTestNG.run(AbstractRemoteTestNG.java:114)
	at org.testng.remote.RemoteTestNG.initAndRun(RemoteTestNG.java:251)
	at org.testng.remote.RemoteTestNG.main(RemoteTestNG.java:77)
]]>
            </full-stacktrace>
          </exception> <!-- java.lang.IllegalStateException -->
          <reporter-output>
          </reporter-output>
        </test-method> <!-- init -->
        <test-method status="SKIP" signature="templateCreation()[pri:0, instance:cms.aem.sites.webplex.Show_Hub_Template_TC@1629756]" name="templateCreation" duration-ms="10" started-at="2020-03-11T22:51:25Z" finished-at="2020-03-11T22:51:25Z">
          <reporter-output>
          </reporter-output>
        </test-method> <!-- templateCreation -->
      </class> <!-- cms.aem.sites.webplex.Show_Hub_Template_TC -->
    </test> <!-- Default test -->
  </suite> <!-- Default suite -->
</testng-results>
